[2025-04-02 15:41:52] Logout attempt for user: vivi9@gmail.com (Type: consumer)
[2025-04-02 15:41:52] Successful logout for user: vivi9@gmail.com
[2025-04-02 16:00:56] Logout attempt for user: puritymbithe05@gmail.com (Type: vendor)
[2025-04-02 16:00:56] Successful logout for user: puritymbithe05@gmail.com
[2025-04-02 16:01:05] Logout attempt for user: puritymbithe05@gmail.com (Type: vendor)
[2025-04-02 16:01:05] Successful logout for user: puritymbithe05@gmail.com
[2025-04-02 16:05:14] Logout attempt for user: N/A (Type: unknown)
[2025-04-02 16:05:14] Successful logout for user: N/A
[2025-04-02 16:05:16] Logout attempt for user: N/A (Type: unknown)
[2025-04-02 16:05:16] Successful logout for user: N/A
[2025-04-02 16:05:17] Logout attempt for user: N/A (Type: unknown)
[2025-04-02 16:05:17] Successful logout for user: N/A
[2025-04-02 16:05:18] Logout attempt for user: N/A (Type: unknown)
[2025-04-02 16:05:18] Successful logout for user: N/A
[2025-04-02 16:05:25] Logout attempt for user: puritymbithe05@gmail.com (Type: vendor)
[2025-04-02 16:05:25] Successful logout for user: puritymbithe05@gmail.com
[2025-04-02 16:05:38] Logout attempt for user: puritymbithe05@gmail.com (Type: vendor)
[2025-04-02 16:05:38] Successful logout for user: puritymbithe05@gmail.com
[2025-04-02 20:17:15] Logout attempt for user: mercy@gmail.com (Type: vendor)
[2025-04-02 20:17:15] Successful logout for user: mercy@gmail.com
[2025-04-02 20:59:02] Logout attempt for user: mercy@gmail.com (Type: vendor)
[2025-04-02 20:59:02] Successful logout for user: mercy@gmail.com
[2025-04-02 21:03:41] Logout attempt for user: mutheu@gmail.com (Type: consumer)
[2025-04-02 21:03:41] Successful logout for user: mutheu@gmail.com
[2025-04-02 23:02:45] Logout attempt for user: mercy@gmail.com (Type: vendor)
[2025-04-02 23:02:45] Successful logout for user: mercy@gmail.com
[2025-04-02 23:07:08] Logout attempt for user: mercy@gmail.com (Type: vendor)
[2025-04-02 23:07:08] Successful logout for user: mercy@gmail.com
[2025-04-02 23:17:12] Logout attempt for user: mutheu@gmail.com (Type: consumer)
[2025-04-02 23:17:12] Successful logout for user: mutheu@gmail.com
[2025-04-03 14:29:47] Logout attempt for user: puritymbithe05@gmail.com (Type: consumer)
[2025-04-03 14:29:47] Successful logout for user: puritymbithe05@gmail.com
[2025-04-03 14:58:15] Logout attempt for user: mercy@gmail.com (Type: vendor)
[2025-04-03 14:58:15] Successful logout for user: mercy@gmail.com
[2025-04-06 11:22:49] Logout attempt for user: sarahn@gmail.com (Type: vendor)
[2025-04-06 11:22:49] Successful logout for user: sarahn@gmail.com
[2025-04-06 11:27:31] Logout attempt for user: puritymbithe05@gmail.com (Type: consumer)
[2025-04-06 11:27:32] Successful logout for user: puritymbithe05@gmail.com
[2025-04-06 19:39:02] Logout attempt for user: dn@gmail.com (Type: consumer)
[2025-04-06 19:39:02] Successful logout for user: dn@gmail.com
[2025-04-06 19:48:21] Logout attempt for user: jumper@gmail.com (Type: vendor)
[2025-04-06 19:48:21] Successful logout for user: jumper@gmail.com
